Build started 18.09.2015 0:53:11.
     1>Project "C:\Users\Нгуен Динь Зунг\Desktop\SudokuSummerV3\SUDOKU\SUDOKU.vcxproj" on node 2 (Build target(s)).
     1>ClCompile:
         C:\Program Files (x86)\Microsoft Visual Studio 12.0\VC\bin\CL.exe /c /ZI /nologo /W3 /WX- /sdl /Od /Oy- /D WIN32 /D _DEBUG /D _CONSOLE /D _LIB /D _UNICODE /D UNICODE /Gm /EHsc /RTC1 /MDd /GS /fp:precise /Zc:wchar_t /Zc:forScope /Fo"Debug\\" /Fd"Debug\vc120.pdb" /Gd /TP /analyze- /errorReport:prompt Source.cpp sudoku.cpp
         sudoku.cpp
         Source.cpp
     1>c:\users\нгуен динь зунг\desktop\sudokusummerv3\sudoku\source.cpp(31): error C2143: syntax error : missing ';' before '}'
     1>c:\users\нгуен динь зунг\desktop\sudokusummerv3\sudoku\source.cpp(31): warning C4390: ';' : empty controlled statement found; is this the intent?
         Generating Code...
     1>Done Building Project "C:\Users\Нгуен Динь Зунг\Desktop\SudokuSummerV3\SUDOKU\SUDOKU.vcxproj" (Build target(s)) -- FAILED.

Build FAILED.

Time Elapsed 00:00:01.10
